This file contains any messages produced by compilers while
running configure, to aid debugging if configure makes a mistake.

It was created by imedia configure 0.1.00, which was
generated by GNU Autoconf 2.69.  Invocation command line was

  $ /home/tangcheng/devel/hi3516c/sources/imedia/configure --prefix=/apps --build=x86_64-redhat-linux-gnu --host=arm-hisiv100nptl-linux --enable-hi3516

## --------- ##
## Platform. ##
## --------- ##

hostname = localhost.localdomain
uname -m = x86_64
uname -r = 3.15.10-201.fc20.x86_64
uname -s = Linux
uname -v = #1 SMP Wed Aug 27 21:10:06 UTC 2014

/usr/bin/uname -p = x86_64
/bin/uname -X     = unknown

/bin/arch              = x86_64
/usr/bin/arch -k       = unknown
/usr/convex/getsysinfo = unknown
/usr/bin/hostinfo      = unknown
/bin/machine           = unknown
/usr/bin/oslevel       = unknown
/bin/universe          = unknown

PATH: /usr/local/bin
PATH: /usr/bin
PATH: /bin
PATH: /usr/local/sbin
PATH: /usr/sbin
PATH: /home/tangcheng/.local/bin
PATH: /home/tangcheng/bin
PATH: /opt/hisi-linux-nptl/arm-hisiv100-linux/target/bin


## ----------- ##
## Core tests. ##
## ----------- ##

configure:2191: checking for a BSD-compatible install
configure:2259: result: /usr/bin/install -c
configure:2270: checking whether build environment is sane
configure:2325: result: yes
configure:2384: checking for arm-hisiv100nptl-linux-strip
configure:2400: found /opt/hisi-linux-nptl/arm-hisiv100-linux/target/bin/arm-hisiv100nptl-linux-strip
configure:2411: result: arm-hisiv100nptl-linux-strip
configure:2476: checking for a thread-safe mkdir -p
configure:2515: result: /usr/bin/mkdir -p
configure:2522: checking for gawk
configure:2538: found /usr/bin/gawk
configure:2549: result: gawk
configure:2560: checking whether make sets $(MAKE)
configure:2582: result: yes
configure:2611: checking whether make supports nested variables
configure:2628: result: yes
configure:2724: checking whether make supports nested variables
configure:2741: result: yes
configure:2761: checking for arm-hisiv100nptl-linux-gcc
configure:2777: found /opt/hisi-linux-nptl/arm-hisiv100-linux/target/bin/arm-hisiv100nptl-linux-gcc
configure:2788: result: arm-hisiv100nptl-linux-gcc
configure:3057: checking for C compiler version
configure:3066: arm-hisiv100nptl-linux-gcc --version >&5
arm-hisiv100nptl-linux-gcc (Hisilicon_v100(gcc4.4-290+uclibc_0.9.32.1+eabi+linuxpthread)) 4.4.1
Copyright (C) 2009 Free Software Foundation, Inc.
This is free software; see the source for copying conditions.  There is NO
warranty; not even for MERCHANTABILITY or FITNESS FOR A PARTICULAR PURPOSE.

configure:3077: $? = 0
configure:3066: arm-hisiv100nptl-linux-gcc -v >&5
Using built-in specs.
Target: arm-hisiv100-linux-uclibcgnueabi
Configured with: ../gcc-4.4-2010q1/configure --host=i486-linux-gnu --build=i486-linux-gnu --target=arm-hisiv100-linux-uclibcgnueabi --prefix=/home/sying/uclibc_h3/hisiv100_finalnptl_src/hisiv100_src/install/arm-hisiv100-linux --enable-threads --disable-libmudflap --disable-libssp --disable-libstdcxx-pch --with-arch=armv5te --with-gnu-as --with-gnu-ld --enable-languages=c,c++ --enable-shared --enable-lto --enable-symvers=gnu --enable-__cxa_atexit --disable-nls --enable-extra-hisi-multilibs --with-sysroot=/home/sying/uclibc_h3/hisiv100_finalnptl_src/hisiv100_src/install/arm-hisiv100-linux/target --with-build-sysroot=/home/sying/uclibc_h3/hisiv100_finalnptl_src/hisiv100_src/install/arm-hisiv100-linux/target --with-gmp=/home/sying/uclibc_h3/hisiv100_finalnptl_src/hisiv100_src/install/host_lib --with-mpfr=/home/sying/uclibc_h3/hisiv100_finalnptl_src/hisiv100_src/install/host_lib --with-ppl=/home/sying/uclibc_h3/hisiv100_finalnptl_src/hisiv100_src/install/host_lib --with-cloog=/home/sying/uclibc_h3/hisiv100_finalnptl_src/hisiv100_src/install/host_lib --with-libelf=/home/sying/uclibc_h3/hisiv100_finalnptl_src/hisiv100_src/install/host_lib --with-host-libstdcxx='-static-libgcc -Wl,-Bstatic,-lstdc++,-Bstatic -lm' --enable-libgomp --enable-poison-system-directories --with-libelf=/home/sying/uclibc_h3/hisiv100_finalnptl_src/hisiv100_src/install/host_lib --with-pkgversion='Hisilicon_v100(gcc4.4-290+uclibc_0.9.32.1+eabi+linuxpthread)' --with-bugurl=http://www.hisilicon.com/cn/service/claim.html
Thread model: posix
gcc version 4.4.1 (Hisilicon_v100(gcc4.4-290+uclibc_0.9.32.1+eabi+linuxpthread)) 
configure:3077: $? = 0
configure:3066: arm-hisiv100nptl-linux-gcc -V >&5
arm-hisiv100nptl-linux-gcc: '-V' option must have argument
configure:3077: $? = 1
configure:3066: arm-hisiv100nptl-linux-gcc -qversion >&5
arm-hisiv100nptl-linux-gcc: unrecognized option '-qversion'
arm-hisiv100nptl-linux-gcc: no input files
configure:3077: $? = 1
configure:3097: checking whether the C compiler works
configure:3119: arm-hisiv100nptl-linux-gcc  -I/home/tangcheng/devel/hi3516c/rootfs_uclibc/usr/include -L/home/tangcheng/devel/hi3516c/rootfs_uclibc/lib -L/home/tangcheng/devel/hi3516c/rootfs_uclibc/usr/lib -lstdc++ -lintl conftest.c  >&5
configure:3123: $? = 0
configure:3171: result: yes
configure:3174: checking for C compiler default output file name
configure:3176: result: a.out
configure:3182: checking for suffix of executables
configure:3189: arm-hisiv100nptl-linux-gcc -o conftest  -I/home/tangcheng/devel/hi3516c/rootfs_uclibc/usr/include -L/home/tangcheng/devel/hi3516c/rootfs_uclibc/lib -L/home/tangcheng/devel/hi3516c/rootfs_uclibc/usr/lib -lstdc++ -lintl conftest.c  >&5
configure:3193: $? = 0
configure:3215: result: 
configure:3237: checking whether we are cross compiling
configure:3275: result: yes
configure:3280: checking for suffix of object files
configure:3302: arm-hisiv100nptl-linux-gcc -c  -I/home/tangcheng/devel/hi3516c/rootfs_uclibc/usr/include conftest.c >&5
configure:3306: $? = 0
configure:3327: result: o
configure:3331: checking whether we are using the GNU C compiler
configure:3350: arm-hisiv100nptl-linux-gcc -c  -I/home/tangcheng/devel/hi3516c/rootfs_uclibc/usr/include conftest.c >&5
configure:3350: $? = 0
configure:3359: result: yes
configure:3368: checking whether arm-hisiv100nptl-linux-gcc accepts -g
configure:3388: arm-hisiv100nptl-linux-gcc -c -g -I/home/tangcheng/devel/hi3516c/rootfs_uclibc/usr/include conftest.c >&5
configure:3388: $? = 0
configure:3429: result: yes
configure:3446: checking for arm-hisiv100nptl-linux-gcc option to accept ISO C89
configure:3509: arm-hisiv100nptl-linux-gcc  -c -g -O2 -I/home/tangcheng/devel/hi3516c/rootfs_uclibc/usr/include conftest.c >&5
configure:3509: $? = 0
configure:3522: result: none needed
configure:3553: checking for style of include used by make
configure:3581: result: GNU
configure:3607: checking dependency style of arm-hisiv100nptl-linux-gcc
configure:3718: result: gcc3
configure:3770: checking build system type
configure:3784: result: x86_64-redhat-linux-gnu
configure:3804: checking host system type
configure:3817: result: arm-hisiv100nptl-linux-gnu
configure:3858: checking how to print strings
configure:3885: result: printf
configure:3906: checking for a sed that does not truncate output
configure:3970: result: /usr/bin/sed
configure:3988: checking for grep that handles long lines and -e
configure:4046: result: /usr/bin/grep
configure:4051: checking for egrep
configure:4113: result: /usr/bin/grep -E
configure:4118: checking for fgrep
configure:4180: result: /usr/bin/grep -F
configure:4215: checking for ld used by arm-hisiv100nptl-linux-gcc
configure:4282: result: /opt/hisi-linux-nptl/arm-hisiv100-linux/arm-hisiv100-linux-uclibcgnueabi/bin/ld
configure:4289: checking if the linker (/opt/hisi-linux-nptl/arm-hisiv100-linux/arm-hisiv100-linux-uclibcgnueabi/bin/ld) is GNU ld
configure:4304: result: yes
configure:4316: checking for BSD- or MS-compatible name lister (nm)
configure:4365: result: /opt/hisi-linux-nptl/arm-hisiv100-linux/target/bin/arm-hisiv100nptl-linux-nm -B
configure:4495: checking the name lister (/opt/hisi-linux-nptl/arm-hisiv100-linux/target/bin/arm-hisiv100nptl-linux-nm -B) interface
configure:4502: arm-hisiv100nptl-linux-gcc -c -g -O2 -I/home/tangcheng/devel/hi3516c/rootfs_uclibc/usr/include conftest.c >&5
configure:4505: /opt/hisi-linux-nptl/arm-hisiv100-linux/target/bin/arm-hisiv100nptl-linux-nm -B "conftest.o"
configure:4508: output
00000000 B some_variable
configure:4515: result: BSD nm
configure:4518: checking whether ln -s works
configure:4522: result: yes
configure:4530: checking the maximum length of command line arguments
configure:4660: result: 1572864
configure:4677: checking whether the shell understands some XSI constructs
configure:4687: result: yes
configure:4691: checking whether the shell understands "+="
configure:4697: result: yes
configure:4732: checking how to convert x86_64-redhat-linux-gnu file names to arm-hisiv100nptl-linux-gnu format
configure:4772: result: func_convert_file_noop
configure:4779: checking how to convert x86_64-redhat-linux-gnu file names to toolchain format
configure:4799: result: func_convert_file_noop
configure:4806: checking for /opt/hisi-linux-nptl/arm-hisiv100-linux/arm-hisiv100-linux-uclibcgnueabi/bin/ld option to reload object files
configure:4813: result: -r
configure:4847: checking for arm-hisiv100nptl-linux-objdump
configure:4863: found /opt/hisi-linux-nptl/arm-hisiv100-linux/target/bin/arm-hisiv100nptl-linux-objdump
configure:4874: result: arm-hisiv100nptl-linux-objdump
configure:4946: checking how to recognize dependent libraries
configure:5148: result: pass_all
configure:5193: checking for arm-hisiv100nptl-linux-dlltool
configure:5223: result: no
configure:5233: checking for dlltool
configure:5263: result: no
configure:5293: checking how to associate runtime and link libraries
configure:5320: result: printf %s\n
configure:5337: checking for arm-hisiv100nptl-linux-ar
configure:5353: found /opt/hisi-linux-nptl/arm-hisiv100-linux/target/bin/arm-hisiv100nptl-linux-ar
configure:5364: result: arm-hisiv100nptl-linux-ar
configure:5445: checking for archiver @FILE support
configure:5462: arm-hisiv100nptl-linux-gcc -c -g -O2 -I/home/tangcheng/devel/hi3516c/rootfs_uclibc/usr/include conftest.c >&5
configure:5462: $? = 0
configure:5465: arm-hisiv100nptl-linux-ar cru libconftest.a @conftest.lst >&5
configure:5468: $? = 0
configure:5473: arm-hisiv100nptl-linux-ar cru libconftest.a @conftest.lst >&5
arm-hisiv100nptl-linux-ar: conftest.o: No such file or directory
configure:5476: $? = 1
configure:5488: result: @
configure:5506: checking for arm-hisiv100nptl-linux-strip
configure:5533: result: arm-hisiv100nptl-linux-strip
configure:5605: checking for arm-hisiv100nptl-linux-ranlib
configure:5621: found /opt/hisi-linux-nptl/arm-hisiv100-linux/target/bin/arm-hisiv100nptl-linux-ranlib
configure:5632: result: arm-hisiv100nptl-linux-ranlib
configure:5774: checking command to parse /opt/hisi-linux-nptl/arm-hisiv100-linux/target/bin/arm-hisiv100nptl-linux-nm -B output from arm-hisiv100nptl-linux-gcc object
configure:5894: arm-hisiv100nptl-linux-gcc -c -g -O2 -I/home/tangcheng/devel/hi3516c/rootfs_uclibc/usr/include conftest.c >&5
configure:5897: $? = 0
configure:5901: /opt/hisi-linux-nptl/arm-hisiv100-linux/target/bin/arm-hisiv100nptl-linux-nm -B conftest.o \| sed -n -e 's/^.*[ ]\([ABCDGIRSTW][ABCDGIRSTW]*\)[ ][ ]*\([_A-Za-z][_A-Za-z0-9]*\)$/\1 \2 \2/p' | sed '/ __gnu_lto/d' \> conftest.nm
configure:5904: $? = 0
configure:5970: arm-hisiv100nptl-linux-gcc -o conftest -g -O2 -I/home/tangcheng/devel/hi3516c/rootfs_uclibc/usr/include -L/home/tangcheng/devel/hi3516c/rootfs_uclibc/lib -L/home/tangcheng/devel/hi3516c/rootfs_uclibc/usr/lib -lstdc++ -lintl conftest.c conftstm.o >&5
configure:5973: $? = 0
configure:6011: result: ok
configure:6048: checking for sysroot
configure:6078: result: no
configure:6300: checking for arm-hisiv100nptl-linux-mt
configure:6330: result: no
configure:6340: checking for mt
configure:6370: result: no
configure:6390: checking if : is a manifest tool
configure:6396: : '-?'
configure:6404: result: no
configure:7046: checking how to run the C preprocessor
configure:7077: arm-hisiv100nptl-linux-gcc -E -I/home/tangcheng/devel/hi3516c/rootfs_uclibc/usr/include conftest.c
configure:7077: $? = 0
configure:7091: arm-hisiv100nptl-linux-gcc -E -I/home/tangcheng/devel/hi3516c/rootfs_uclibc/usr/include conftest.c
conftest.c:11: fatal error: ac_nonexistent.h: No such file or directory
compilation terminated.
configure:7091: $? = 1
configure: failed program was:
| /* confdefs.h */
| #define PACKAGE_NAME "imedia"
| #define PACKAGE_TARNAME "imedia"
| #define PACKAGE_VERSION "0.1.00"
| #define PACKAGE_STRING "imedia 0.1.00"
| #define PACKAGE_BUGREPORT ""
| #define PACKAGE_URL ""
| #define PACKAGE "imedia"
| #define VERSION "0.1.00"
| /* end confdefs.h.  */
| #include <ac_nonexistent.h>
configure:7116: result: arm-hisiv100nptl-linux-gcc -E
configure:7136: arm-hisiv100nptl-linux-gcc -E -I/home/tangcheng/devel/hi3516c/rootfs_uclibc/usr/include conftest.c
configure:7136: $? = 0
configure:7150: arm-hisiv100nptl-linux-gcc -E -I/home/tangcheng/devel/hi3516c/rootfs_uclibc/usr/include conftest.c
conftest.c:11: fatal error: ac_nonexistent.h: No such file or directory
compilation terminated.
configure:7150: $? = 1
configure: failed program was:
| /* confdefs.h */
| #define PACKAGE_NAME "imedia"
| #define PACKAGE_TARNAME "imedia"
| #define PACKAGE_VERSION "0.1.00"
| #define PACKAGE_STRING "imedia 0.1.00"
| #define PACKAGE_BUGREPORT ""
| #define PACKAGE_URL ""
| #define PACKAGE "imedia"
| #define VERSION "0.1.00"
| /* end confdefs.h.  */
| #include <ac_nonexistent.h>
configure:7179: checking for ANSI C header files
configure:7199: arm-hisiv100nptl-linux-gcc -c -g -O2 -I/home/tangcheng/devel/hi3516c/rootfs_uclibc/usr/include conftest.c >&5
configure:7199: $? = 0
configure:7283: result: yes
configure:7296: checking for sys/types.h
configure:7296: arm-hisiv100nptl-linux-gcc -c -g -O2 -I/home/tangcheng/devel/hi3516c/rootfs_uclibc/usr/include conftest.c >&5
configure:7296: $? = 0
configure:7296: result: yes
configure:7296: checking for sys/stat.h
configure:7296: arm-hisiv100nptl-linux-gcc -c -g -O2 -I/home/tangcheng/devel/hi3516c/rootfs_uclibc/usr/include conftest.c >&5
configure:7296: $? = 0
configure:7296: result: yes
configure:7296: checking for stdlib.h
configure:7296: arm-hisiv100nptl-linux-gcc -c -g -O2 -I/home/tangcheng/devel/hi3516c/rootfs_uclibc/usr/include conftest.c >&5
configure:7296: $? = 0
configure:7296: result: yes
configure:7296: checking for string.h
configure:7296: arm-hisiv100nptl-linux-gcc -c -g -O2 -I/home/tangcheng/devel/hi3516c/rootfs_uclibc/usr/include conftest.c >&5
configure:7296: $? = 0
configure:7296: result: yes
configure:7296: checking for memory.h
configure:7296: arm-hisiv100nptl-linux-gcc -c -g -O2 -I/home/tangcheng/devel/hi3516c/rootfs_uclibc/usr/include conftest.c >&5
configure:7296: $? = 0
configure:7296: result: yes
configure:7296: checking for strings.h
configure:7296: arm-hisiv100nptl-linux-gcc -c -g -O2 -I/home/tangcheng/devel/hi3516c/rootfs_uclibc/usr/include conftest.c >&5
configure:7296: $? = 0
configure:7296: result: yes
configure:7296: checking for inttypes.h
configure:7296: arm-hisiv100nptl-linux-gcc -c -g -O2 -I/home/tangcheng/devel/hi3516c/rootfs_uclibc/usr/include conftest.c >&5
configure:7296: $? = 0
configure:7296: result: yes
configure:7296: checking for stdint.h
configure:7296: arm-hisiv100nptl-linux-gcc -c -g -O2 -I/home/tangcheng/devel/hi3516c/rootfs_uclibc/usr/include conftest.c >&5
configure:7296: $? = 0
configure:7296: result: yes
configure:7296: checking for unistd.h
configure:7296: arm-hisiv100nptl-linux-gcc -c -g -O2 -I/home/tangcheng/devel/hi3516c/rootfs_uclibc/usr/include conftest.c >&5
configure:7296: $? = 0
configure:7296: result: yes
configure:7310: checking for dlfcn.h
configure:7310: arm-hisiv100nptl-linux-gcc -c -g -O2 -I/home/tangcheng/devel/hi3516c/rootfs_uclibc/usr/include conftest.c >&5
configure:7310: $? = 0
configure:7310: result: yes
configure:7516: checking for objdir
configure:7531: result: .libs
configure:7798: checking if arm-hisiv100nptl-linux-gcc supports -fno-rtti -fno-exceptions
configure:7816: arm-hisiv100nptl-linux-gcc -c -g -O2 -I/home/tangcheng/devel/hi3516c/rootfs_uclibc/usr/include -fno-rtti -fno-exceptions conftest.c >&5
cc1: warning: command line option "-fno-rtti" is valid for C++/ObjC++ but not for C
configure:7820: $? = 0
configure:7833: result: no
configure:8160: checking for arm-hisiv100nptl-linux-gcc option to produce PIC
configure:8167: result: -fPIC -DPIC
configure:8175: checking if arm-hisiv100nptl-linux-gcc PIC flag -fPIC -DPIC works
configure:8193: arm-hisiv100nptl-linux-gcc -c -g -O2 -I/home/tangcheng/devel/hi3516c/rootfs_uclibc/usr/include -fPIC -DPIC -DPIC conftest.c >&5
configure:8197: $? = 0
configure:8210: result: yes
configure:8239: checking if arm-hisiv100nptl-linux-gcc static flag -static works
configure:8267: result: no
configure:8282: checking if arm-hisiv100nptl-linux-gcc supports -c -o file.o
configure:8303: arm-hisiv100nptl-linux-gcc -c -g -O2 -I/home/tangcheng/devel/hi3516c/rootfs_uclibc/usr/include -o out/conftest2.o conftest.c >&5
configure:8307: $? = 0
configure:8329: result: yes
configure:8337: checking if arm-hisiv100nptl-linux-gcc supports -c -o file.o
configure:8384: result: yes
configure:8417: checking whether the arm-hisiv100nptl-linux-gcc linker (/opt/hisi-linux-nptl/arm-hisiv100-linux/arm-hisiv100-linux-uclibcgnueabi/bin/ld) supports shared libraries
configure:9570: result: yes
configure:9607: checking whether -lc should be explicitly linked in
configure:9615: arm-hisiv100nptl-linux-gcc -c -g -O2 -I/home/tangcheng/devel/hi3516c/rootfs_uclibc/usr/include conftest.c >&5
configure:9618: $? = 0
configure:9633: arm-hisiv100nptl-linux-gcc -shared  -fPIC -DPIC conftest.o  -v -Wl,-soname -Wl,conftest -o conftest 2\>\&1 \| /usr/bin/grep  -lc  \>/dev/null 2\>\&1
configure:9636: $? = 0
configure:9650: result: no
configure:9810: checking dynamic linker characteristics
configure:10321: arm-hisiv100nptl-linux-gcc -o conftest -g -O2 -I/home/tangcheng/devel/hi3516c/rootfs_uclibc/usr/include -L/home/tangcheng/devel/hi3516c/rootfs_uclibc/lib -L/home/tangcheng/devel/hi3516c/rootfs_uclibc/usr/lib -lstdc++ -lintl -Wl,-rpath -Wl,/foo conftest.c  >&5
configure:10321: $? = 0
configure:10547: result: GNU/Linux ld.so
configure:10654: checking how to hardcode library paths into programs
configure:10679: result: immediate
configure:11219: checking whether stripping libraries is possible
configure:11224: result: yes
configure:11259: checking if libtool supports shared libraries
configure:11261: result: yes
configure:11264: checking whether to build shared libraries
configure:11285: result: yes
configure:11288: checking whether to build static libraries
configure:11292: result: yes
configure:11342: checking for arm-hisiv100nptl-linux-pkg-config
configure:11375: result: no
configure:11385: checking for pkg-config
configure:11403: found /usr/bin/pkg-config
configure:11415: result: /usr/bin/pkg-config
configure:11427: WARNING: using cross tools not prefixed with host triplet
configure:11440: checking pkg-config is at least version 0.9.0
configure:11443: result: yes
configure:11453: checking for IMEDIA
configure:11460: $PKG_CONFIG --exists --print-errors "libzmq json-glib-1.0 glib-2.0 gobject-2.0 libipcam_base-0.1.0 freetype2 SDL2_ttf"
configure:11463: $? = 0
configure:11477: $PKG_CONFIG --exists --print-errors "libzmq json-glib-1.0 glib-2.0 gobject-2.0 libipcam_base-0.1.0 freetype2 SDL2_ttf"
configure:11480: $? = 0
configure:11538: result: yes
configure:11599: checking for hisimpp directory
configure:11642: arm-hisiv100nptl-linux-gcc -o conftest -g -O2 -I/home/tangcheng/devel/hi3516c/rootfs_uclibc/usr/include -L/home/tangcheng/devel/hi3516c/rootfs_uclibc/lib -L/home/tangcheng/devel/hi3516c/rootfs_uclibc/usr/lib -lstdc++ -lintl conftest.c  /lib/libmpi.a /lib/lib_hiae.a /lib/libanr.a /lib/libaec.a /lib/lib_hiaf.a /lib/lib_hiawb.a /lib/libmem.a /lib/libtde.a /lib/libVoiceEngine.a /lib/libresampler.a /lib/libisp.a -lpthread >&5
arm-hisiv100nptl-linux-gcc: /lib/libmpi.a: No such file or directory
arm-hisiv100nptl-linux-gcc: /lib/lib_hiae.a: No such file or directory
arm-hisiv100nptl-linux-gcc: /lib/libanr.a: No such file or directory
arm-hisiv100nptl-linux-gcc: /lib/libaec.a: No such file or directory
arm-hisiv100nptl-linux-gcc: /lib/lib_hiaf.a: No such file or directory
arm-hisiv100nptl-linux-gcc: /lib/lib_hiawb.a: No such file or directory
arm-hisiv100nptl-linux-gcc: /lib/libmem.a: No such file or directory
arm-hisiv100nptl-linux-gcc: /lib/libtde.a: No such file or directory
arm-hisiv100nptl-linux-gcc: /lib/libVoiceEngine.a: No such file or directory
arm-hisiv100nptl-linux-gcc: /lib/libresampler.a: No such file or directory
arm-hisiv100nptl-linux-gcc: /lib/libisp.a: No such file or directory
conftest.c:23: fatal error: hi_comm_sys.h: No such file or directory
compilation terminated.
configure:11642: $? = 1
configure: failed program was:
| /* confdefs.h */
| #define PACKAGE_NAME "imedia"
| #define PACKAGE_TARNAME "imedia"
| #define PACKAGE_VERSION "0.1.00"
| #define PACKAGE_STRING "imedia 0.1.00"
| #define PACKAGE_BUGREPORT ""
| #define PACKAGE_URL ""
| #define PACKAGE "imedia"
| #define VERSION "0.1.00"
| #define STDC_HEADERS 1
| #define HAVE_SYS_TYPES_H 1
| #define HAVE_SYS_STAT_H 1
| #define HAVE_STDLIB_H 1
| #define HAVE_STRING_H 1
| #define HAVE_MEMORY_H 1
| #define HAVE_STRINGS_H 1
| #define HAVE_INTTYPES_H 1
| #define HAVE_STDINT_H 1
| #define HAVE_UNISTD_H 1
| #define HAVE_DLFCN_H 1
| #define LT_OBJDIR ".libs/"
| /* end confdefs.h.  */
| #include <hi_comm_sys.h>
| #include <mpi_sys.h>
| int
| main ()
| {
|  HI_MPI_SYS_Exit();
|   ;
|   return 0;
| }
configure:11642: arm-hisiv100nptl-linux-gcc -o conftest -I/apps -g -O2 -I/home/tangcheng/devel/hi3516c/rootfs_uclibc/usr/include -L/apps -L/home/tangcheng/devel/hi3516c/rootfs_uclibc/lib -L/home/tangcheng/devel/hi3516c/rootfs_uclibc/usr/lib -lstdc++ -lintl conftest.c  /apps/lib/libmpi.a /apps/lib/lib_hiae.a /apps/lib/libanr.a /apps/lib/libaec.a /apps/lib/lib_hiaf.a /apps/lib/lib_hiawb.a /apps/lib/libmem.a /apps/lib/libtde.a /apps/lib/libVoiceEngine.a /apps/lib/libresampler.a /apps/lib/libisp.a -lpthread >&5
arm-hisiv100nptl-linux-gcc: /apps/lib/libmpi.a: No such file or directory
arm-hisiv100nptl-linux-gcc: /apps/lib/lib_hiae.a: No such file or directory
arm-hisiv100nptl-linux-gcc: /apps/lib/libanr.a: No such file or directory
arm-hisiv100nptl-linux-gcc: /apps/lib/libaec.a: No such file or directory
arm-hisiv100nptl-linux-gcc: /apps/lib/lib_hiaf.a: No such file or directory
arm-hisiv100nptl-linux-gcc: /apps/lib/lib_hiawb.a: No such file or directory
arm-hisiv100nptl-linux-gcc: /apps/lib/libmem.a: No such file or directory
arm-hisiv100nptl-linux-gcc: /apps/lib/libtde.a: No such file or directory
arm-hisiv100nptl-linux-gcc: /apps/lib/libVoiceEngine.a: No such file or directory
arm-hisiv100nptl-linux-gcc: /apps/lib/libresampler.a: No such file or directory
arm-hisiv100nptl-linux-gcc: /apps/lib/libisp.a: No such file or directory
conftest.c:23: fatal error: hi_comm_sys.h: No such file or directory
compilation terminated.
configure:11642: $? = 1
configure: failed program was:
| /* confdefs.h */
| #define PACKAGE_NAME "imedia"
| #define PACKAGE_TARNAME "imedia"
| #define PACKAGE_VERSION "0.1.00"
| #define PACKAGE_STRING "imedia 0.1.00"
| #define PACKAGE_BUGREPORT ""
| #define PACKAGE_URL ""
| #define PACKAGE "imedia"
| #define VERSION "0.1.00"
| #define STDC_HEADERS 1
| #define HAVE_SYS_TYPES_H 1
| #define HAVE_SYS_STAT_H 1
| #define HAVE_STDLIB_H 1
| #define HAVE_STRING_H 1
| #define HAVE_MEMORY_H 1
| #define HAVE_STRINGS_H 1
| #define HAVE_INTTYPES_H 1
| #define HAVE_STDINT_H 1
| #define HAVE_UNISTD_H 1
| #define HAVE_DLFCN_H 1
| #define LT_OBJDIR ".libs/"
| /* end confdefs.h.  */
| #include <hi_comm_sys.h>
| #include <mpi_sys.h>
| int
| main ()
| {
|  HI_MPI_SYS_Exit();
|   ;
|   return 0;
| }
configure:11642: arm-hisiv100nptl-linux-gcc -o conftest -I/usr/local/include -I/apps -g -O2 -I/home/tangcheng/devel/hi3516c/rootfs_uclibc/usr/include -L/usr/local/lib -L/home/tangcheng/devel/hi3516c/rootfs_uclibc/lib -L/home/tangcheng/devel/hi3516c/rootfs_uclibc/usr/lib -lstdc++ -lintl conftest.c  /usr/local/lib/libmpi.a /usr/local/lib/lib_hiae.a /usr/local/lib/libanr.a /usr/local/lib/libaec.a /usr/local/lib/lib_hiaf.a /usr/local/lib/lib_hiawb.a /usr/local/lib/libmem.a /usr/local/lib/libtde.a /usr/local/lib/libVoiceEngine.a /usr/local/lib/libresampler.a /usr/local/lib/libisp.a -lpthread >&5
arm-hisiv100nptl-linux-gcc: /usr/local/lib/libmpi.a: No such file or directory
arm-hisiv100nptl-linux-gcc: /usr/local/lib/lib_hiae.a: No such file or directory
arm-hisiv100nptl-linux-gcc: /usr/local/lib/libanr.a: No such file or directory
arm-hisiv100nptl-linux-gcc: /usr/local/lib/libaec.a: No such file or directory
arm-hisiv100nptl-linux-gcc: /usr/local/lib/lib_hiaf.a: No such file or directory
arm-hisiv100nptl-linux-gcc: /usr/local/lib/lib_hiawb.a: No such file or directory
arm-hisiv100nptl-linux-gcc: /usr/local/lib/libmem.a: No such file or directory
arm-hisiv100nptl-linux-gcc: /usr/local/lib/libtde.a: No such file or directory
arm-hisiv100nptl-linux-gcc: /usr/local/lib/libVoiceEngine.a: No such file or directory
arm-hisiv100nptl-linux-gcc: /usr/local/lib/libresampler.a: No such file or directory
arm-hisiv100nptl-linux-gcc: /usr/local/lib/libisp.a: No such file or directory
cc1: warning: include location "/usr/local/include" is unsafe for cross-compilation
conftest.c:23: fatal error: hi_comm_sys.h: No such file or directory
compilation terminated.
configure:11642: $? = 1
configure: failed program was:
| /* confdefs.h */
| #define PACKAGE_NAME "imedia"
| #define PACKAGE_TARNAME "imedia"
| #define PACKAGE_VERSION "0.1.00"
| #define PACKAGE_STRING "imedia 0.1.00"
| #define PACKAGE_BUGREPORT ""
| #define PACKAGE_URL ""
| #define PACKAGE "imedia"
| #define VERSION "0.1.00"
| #define STDC_HEADERS 1
| #define HAVE_SYS_TYPES_H 1
| #define HAVE_SYS_STAT_H 1
| #define HAVE_STDLIB_H 1
| #define HAVE_STRING_H 1
| #define HAVE_MEMORY_H 1
| #define HAVE_STRINGS_H 1
| #define HAVE_INTTYPES_H 1
| #define HAVE_STDINT_H 1
| #define HAVE_UNISTD_H 1
| #define HAVE_DLFCN_H 1
| #define LT_OBJDIR ".libs/"
| /* end confdefs.h.  */
| #include <hi_comm_sys.h>
| #include <mpi_sys.h>
| int
| main ()
| {
|  HI_MPI_SYS_Exit();
|   ;
|   return 0;
| }
configure:11665: result: 
configure:11813: checking that generated files are newer than configure
configure:11819: result: done
configure:11854: creating ./config.status
